<?xml version="1.0" encoding="UTF-8"?>
<!-- Generated by org.testng.reporters.JUnitReportReporter -->
<testsuite hostname="Tejas" name="basicAnnotations.TestNGClass1" tests="4" failures="0" timestamp="17 Oct 2019 15:02:01 GMT" time="0.018" errors="0">
  <testcase name="test3" time="0.011" classname="basicAnnotations.TestNGClass1"/>
  <testcase name="test1" time="0.002" classname="basicAnnotations.TestNGClass1"/>
  <testcase name="test4" time="0.002" classname="basicAnnotations.TestNGClass1"/>
  <testcase name="test2" time="0.003" classname="basicAnnotations.TestNGClass1"/>
</testsuite> <!-- basicAnnotations.TestNGClass1 -->
