<?xml version="1.0" encoding="UTF-8"?>
<!-- Generated by org.testng.reporters.JUnitReportReporter -->
<testsuite hostname="Tejas" name="basicAnnotations.TestingClass2" tests="4" failures="0" timestamp="11 Oct 2019 15:20:09 GMT" time="0.011" errors="0">
  <testcase name="testCase1" time="0.002" classname="basicAnnotations.TestingClass2"/>
  <testcase name="testCase2" time="0.001" classname="basicAnnotations.TestingClass2"/>
  <testcase name="testCase1" time="0.006" classname="basicAnnotations.TestingClass2"/>
  <testcase name="testCase2" time="0.002" classname="basicAnnotations.TestingClass2"/>
</testsuite> <!-- basicAnnotations.TestingClass2 -->
