<?xml version="1.0" encoding="UTF-8"?>
<!-- Generated by org.testng.reporters.JUnitReportReporter -->
<testsuite hostname="Tejas" name="basicAnnotations.TestingClass2" tests="2" failures="0" timestamp="17 Oct 2019 15:02:01 GMT" time="0.003" errors="0">
  <testcase name="testCase2" time="0.001" classname="basicAnnotations.TestingClass2"/>
  <testcase name="testCase1" time="0.002" classname="basicAnnotations.TestingClass2"/>
</testsuite> <!-- basicAnnotations.TestingClass2 -->
