<?xml version="1.0" encoding="UTF-8"?>
<!-- Generated by org.testng.reporters.JUnitReportReporter -->
<testsuite hostname="Tejas" name="dataProvider.TestDataProvider1" tests="3" failures="0" timestamp="17 Oct 2019 15:02:01 GMT" time="0.005" errors="0">
  <testcase name="login" time="0.002" classname="dataProvider.TestDataProvider1"/>
  <testcase name="login" time="0.002" classname="dataProvider.TestDataProvider1"/>
  <testcase name="login" time="0.001" classname="dataProvider.TestDataProvider1"/>
</testsuite> <!-- dataProvider.TestDataProvider1 -->
