<?xml version="1.0" encoding="UTF-8"?>
<!-- Generated by org.testng.reporters.JUnitReportReporter -->
<testsuite hostname="Tejas" name="basicSelenium.ComboBox" tests="1" failures="0" timestamp="16 Oct 2019 15:06:58 GMT" time="20.372" errors="0">
  <testcase name="test" time="20.372" classname="basicSelenium.ComboBox"/>
</testsuite> <!-- basicSelenium.ComboBox -->
