<?xml version="1.0" encoding="UTF-8"?>
<!-- Generated by org.testng.reporters.JUnitReportReporter -->
<testsuite hostname="Tejas" name="basicSelenium.AutomatewebTable" tests="1" failures="0" timestamp="16 Oct 2019 14:59:11 GMT" time="23.733" errors="0">
  <testcase name="test" time="23.733" classname="basicSelenium.AutomatewebTable"/>
</testsuite> <!-- basicSelenium.AutomatewebTable -->
