<?xml version="1.0" encoding="UTF-8"?>
<!-- Generated by org.testng.reporters.JUnitReportReporter -->
<testsuite hostname="Tejas" name="basicSelenium.seleniumclass4" tests="1" failures="0" timestamp="15 Oct 2019 16:20:10 GMT" time="18.043" errors="0">
  <testcase name="login" time="18.043" classname="basicSelenium.seleniumclass4"/>
</testsuite> <!-- basicSelenium.seleniumclass4 -->
