<?xml version="1.0" encoding="UTF-8"?>
<!-- Generated by org.testng.reporters.JUnitReportReporter -->
<testsuite hostname="Tejas" name="basicSelenium.Scroll" tests="1" failures="0" timestamp="16 Oct 2019 15:29:23 GMT" time="15.747" errors="0">
  <testcase name="test" time="15.747" classname="basicSelenium.Scroll"/>
</testsuite> <!-- basicSelenium.Scroll -->
