<?xml version="1.0" encoding="UTF-8"?>
<!-- Generated by org.testng.reporters.JUnitReportReporter -->
<testsuite hostname="Tejas" name="basicSelenium.seleniumclass3" tests="1" failures="0" timestamp="16 Oct 2019 13:59:45 GMT" time="82.998" errors="0">
  <testcase name="test" time="82.998" classname="basicSelenium.seleniumclass3"/>
</testsuite> <!-- basicSelenium.seleniumclass3 -->
