<?xml version="1.0" encoding="UTF-8"?>
<!-- Generated by org.testng.reporters.JUnitReportReporter -->
<testsuite hostname="Tejas" name="basicSelenium.seleniumclass4" tests="1" failures="0" timestamp="18 Oct 2019 14:52:45 GMT" time="47.311" errors="0">
  <testcase name="login" time="47.311" classname="basicSelenium.seleniumclass4"/>
</testsuite> <!-- basicSelenium.seleniumclass4 -->
