<?xml version="1.0" encoding="UTF-8"?>
<!-- Generated by org.testng.reporters.JUnitReportReporter -->
<testsuite hostname="Tejas" name="basicSelenium.SeleniumClass1" tests="1" failures="0" timestamp="15 Oct 2019 15:40:15 GMT" time="199.307" errors="0">
  <testcase name="login" time="199.307" classname="basicSelenium.SeleniumClass1"/>
</testsuite> <!-- basicSelenium.SeleniumClass1 -->
