<?xml version="1.0" encoding="UTF-8"?>
<!-- Generated by org.testng.reporters.JUnitReportReporter -->
<testsuite hostname="Tejas" name="basicSelenium.seleniumclass2" tests="1" failures="0" timestamp="15 Oct 2019 15:34:45 GMT" time="55.604" errors="0">
  <testcase name="test" time="55.604" classname="basicSelenium.seleniumclass2"/>
</testsuite> <!-- basicSelenium.seleniumclass2 -->
