<?xml version="1.0" encoding="UTF-8"?>
<!-- Generated by org.testng.reporters.JUnitReportReporter -->
<testsuite hostname="Tejas" name="basicSelenium.SeleniumClass1" tests="1" failures="0" timestamp="11 Oct 2019 16:14:56 GMT" time="50.340" errors="0">
  <testcase name="login" time="50.340" classname="basicSelenium.SeleniumClass1"/>
</testsuite> <!-- basicSelenium.SeleniumClass1 -->
